Total sequences in folder:  2779
2500 2250
(8, 224, 224, 3) (8, 1)
/scratch/vroom/data/Audi8_AngularVelocity/train/0.npz
(8, 224, 224, 3) (8, 1)
/scratch/vroom/data/Audi8_AngularVelocity/train/1.npz
(8, 224, 224, 3) (8, 1)
/scratch/vroom/data/Audi8_AngularVelocity/train/2.npz
(8, 224, 224, 3) (8, 1)
/scratch/vroom/data/Audi8_AngularVelocity/train/3.npz
(8, 224, 224, 3) (8, 1)
/scratch/vroom/data/Audi8_AngularVelocity/train/4.npz
(8, 224, 224, 3) (8, 1)
/scratch/vroom/data/Audi8_AngularVelocity/train/5.npz
(8, 224, 224, 3) (8, 1)
/scratch/vroom/data/Audi8_AngularVelocity/train/6.npz
(8, 224, 224, 3) (8, 1)
/scratch/vroom/data/Audi8_AngularVelocity/train/7.npz
(8, 224, 224, 3) (8, 1)
/scratch/vroom/data/Audi8_AngularVelocity/train/8.npz
(8, 224, 224, 3) (8, 1)
/scratch/vroom/data/Audi8_AngularVelocity/train/9.npz
(8, 224, 224, 3) (8, 1)
/scratch/vroom/data/Audi8_AngularVelocity/train/10.npz
(8, 224, 224, 3) (8, 1)
/scratch/vroom/data/Audi8_AngularVelocity/train/11.npz
(8, 224, 224, 3) (8, 1)
/scratch/vroom/data/Audi8_AngularVelocity/train/12.npz
(8, 224, 224, 3) (8, 1)
/scratch/vroom/data/Audi8_AngularVelocity/train/13.npz
(8, 224, 224, 3) (8, 1)
/scratch/vroom/data/Audi8_AngularVelocity/train/14.npz
(8, 224, 224, 3) (8, 1)
/scratch/vroom/data/Audi8_AngularVelocity/train/15.npz
(8, 224, 224, 3) (8, 1)
/scratch/vroom/data/Audi8_AngularVelocity/train/16.npz
(8, 224, 224, 3) (8, 1)
/scratch/vroom/data/Audi8_AngularVelocity/train/17.npz
(8, 224, 224, 3) (8, 1)
/scratch/vroom/data/Audi8_AngularVelocity/train/18.npz
(8, 224, 224, 3) (8, 1)
/scratch/vroom/data/Audi8_AngularVelocity/train/19.npz
(8, 224, 224, 3) (8, 1)
/scratch/vroom/data/Audi8_AngularVelocity/train/20.npz
(8, 224, 224, 3) (8, 1)
/scratch/vroom/data/Audi8_AngularVelocity/train/21.npz
(8, 224, 224, 3) (8, 1)
/scratch/vroom/data/Audi8_AngularVelocity/train/22.npz
(8, 224, 224, 3) (8, 1)
/scratch/vroom/data/Audi8_AngularVelocity/train/23.npz
(8, 224, 224, 3) (8, 1)
/scratch/vroom/data/Audi8_AngularVelocity/train/24.npz
(8, 224, 224, 3) (8, 1)
/scratch/vroom/data/Audi8_AngularVelocity/train/25.npz
(8, 224, 224, 3) (8, 1)
/scratch/vroom/data/Audi8_AngularVelocity/train/26.npz
(8, 224, 224, 3) (8, 1)
/scratch/vroom/data/Audi8_AngularVelocity/train/27.npz
(8, 224, 224, 3) (8, 1)
/scratch/vroom/data/Audi8_AngularVelocity/train/28.npz
(8, 224, 224, 3) (8, 1)
/scratch/vroom/data/Audi8_AngularVelocity/train/29.npz
(8, 224, 224, 3) (8, 1)
/scratch/vroom/data/Audi8_AngularVelocity/train/30.npz
(8, 224, 224, 3) (8, 1)
/scratch/vroom/data/Audi8_AngularVelocity/train/31.npz
(8, 224, 224, 3) (8, 1)
/scratch/vroom/data/Audi8_AngularVelocity/train/32.npz
(8, 224, 224, 3) (8, 1)
/scratch/vroom/data/Audi8_AngularVelocity/train/33.npz
(8, 224, 224, 3) (8, 1)
/scratch/vroom/data/Audi8_AngularVelocity/train/34.npz
(8, 224, 224, 3) (8, 1)
/scratch/vroom/data/Audi8_AngularVelocity/train/35.npz
(8, 224, 224, 3) (8, 1)
/scratch/vroom/data/Audi8_AngularVelocity/train/36.npz
(8, 224, 224, 3) (8, 1)
/scratch/vroom/data/Audi8_AngularVelocity/train/37.npz
(8, 224, 224, 3) (8, 1)
/scratch/vroom/data/Audi8_AngularVelocity/train/38.npz
(8, 224, 224, 3) (8, 1)
/scratch/vroom/data/Audi8_AngularVelocity/train/39.npz
(8, 224, 224, 3) (8, 1)
/scratch/vroom/data/Audi8_AngularVelocity/train/40.npz
(8, 224, 224, 3) (8, 1)
/scratch/vroom/data/Audi8_AngularVelocity/train/41.npz
(8, 224, 224, 3) (8, 1)
/scratch/vroom/data/Audi8_AngularVelocity/train/42.npz
(8, 224, 224, 3) (8, 1)
/scratch/vroom/data/Audi8_AngularVelocity/train/43.npz
(8, 224, 224, 3) (8, 1)
/scratch/vroom/data/Audi8_AngularVelocity/train/44.npz
(8, 224, 224, 3) (8, 1)
/scratch/vroom/data/Audi8_AngularVelocity/train/45.npz
(8, 224, 224, 3) (8, 1)
/scratch/vroom/data/Audi8_AngularVelocity/train/46.npz
(8, 224, 224, 3) (8, 1)
/scratch/vroom/data/Audi8_AngularVelocity/train/47.npz
(8, 224, 224, 3) (8, 1)
/scratch/vroom/data/Audi8_AngularVelocity/train/48.npz
(8, 224, 224, 3) (8, 1)
/scratch/vroom/data/Audi8_AngularVelocity/train/49.npz
(8, 224, 224, 3) (8, 1)
/scratch/vroom/data/Audi8_AngularVelocity/train/50.npz
